Build started 17.12.2015 19:18:28.
     1>Project "C:\Users\mehmet\Documents\Visual Studio 2010\Projects\OperatingSystems\RoundRobin\RoundRobin\RoundRobin.vcxproj" on node 2 (build target(s)).
     1>C:\Windows\Microsoft.NET\Framework\v4.0.30319\Microsoft.Common.Targets(983,5): warning MSB3644: The reference assemblies for framework ".NETFramework,Version=v4.0" were not found. To resolve this, install the SDK or Targeting Pack for this framework version or retarget your application to a version of the framework for which you have the SDK or Targeting Pack installed. Note that assemblies will be resolved from the Global Assembly Cache (GAC) and will be used in place of reference assemblies. Therefore your assembly may not be correctly targeted for the framework you intend.
     1>PrepareForBuild:
         Creating directory "C:\Users\mehmet\Documents\Visual Studio 2010\Projects\OperatingSystems\RoundRobin\Debug\".
       InitializeBuildStatus:
         Creating "Debug\RoundRobin.unsuccessfulbuild" because "AlwaysCreate" was specified.
       ClCompile:
         C:\Program Files (x86)\Microsoft Visual Studio 10.0\VC\bin\CL.exe /c /ZI /nologo /W3 /WX- /Od /Oy- /D "WIN32" /D _DEBUG /D _CONSOLE /D "_UNICODE" /D "UNICODE" /Gm /EHsc /RTC1 /MDd /GS /fp:precise /Zc:wchar_t /Zc:forScope /Fo"Debug\\" /Fd"Debug\vc100.pdb" /Gd /TP /analyze- /errorReport:prompt RR.cpp
         RR.cpp
     1>c:\users\mehmet\documents\visual studio 2010\projects\operatingsystems\roundrobin\roundrobin\rr.cpp(80): warning C4018: '<' : signed/unsigned mismatch
     1>c:\users\mehmet\documents\visual studio 2010\projects\operatingsystems\roundrobin\roundrobin\rr.cpp(88): warning C4244: 'initializing' : conversion from 'double' to 'int', possible loss of data
       ManifestResourceCompile:
         C:\Program Files (x86)\Microsoft SDKs\Windows\v7.0A\bin\rc.exe /nologo /fo"Debug\RoundRobin.exe.embed.manifest.res" Debug\RoundRobin_manifest.rc 
       Link:
         C:\Program Files (x86)\Microsoft Visual Studio 10.0\VC\bin\link.exe /ERRORREPORT:PROMPT /OUT:"C:\Users\mehmet\Documents\Visual Studio 2010\Projects\OperatingSystems\RoundRobin\Debug\RoundRobin.exe" /INCREMENTAL /NOLOGO kernel32.lib user32.lib gdi32.lib winspool.lib comdlg32.lib advapi32.lib shell32.lib ole32.lib oleaut32.lib uuid.lib odbc32.lib odbccp32.lib /MANIFEST /ManifestFile:"Debug\RoundRobin.exe.intermediate.manifest" /MANIFESTUAC:"level='asInvoker' uiAccess='false'" /DEBUG /PDB:"C:\Users\mehmet\Documents\Visual Studio 2010\Projects\OperatingSystems\RoundRobin\Debug\RoundRobin.pdb" /SUBSYSTEM:CONSOLE /TLBID:1 /DYNAMICBASE /NXCOMPAT /IMPLIB:"C:\Users\mehmet\Documents\Visual Studio 2010\Projects\OperatingSystems\RoundRobin\Debug\RoundRobin.lib" /MACHINE:X86 Debug\RoundRobin.exe.embed.manifest.res
         Debug\RR.obj
       Manifest:
         C:\Program Files (x86)\Microsoft SDKs\Windows\v7.0A\bin\mt.exe /nologo /verbose /out:"Debug\RoundRobin.exe.embed.manifest" /manifest Debug\RoundRobin.exe.intermediate.manifest
         C:\Program Files (x86)\Microsoft SDKs\Windows\v7.0A\bin\rc.exe /nologo /fo"Debug\RoundRobin.exe.embed.manifest.res" Debug\RoundRobin_manifest.rc 
       LinkEmbedManifest:
         C:\Program Files (x86)\Microsoft Visual Studio 10.0\VC\bin\link.exe /ERRORREPORT:PROMPT /OUT:"C:\Users\mehmet\Documents\Visual Studio 2010\Projects\OperatingSystems\RoundRobin\Debug\RoundRobin.exe" /INCREMENTAL /NOLOGO kernel32.lib user32.lib gdi32.lib winspool.lib comdlg32.lib advapi32.lib shell32.lib ole32.lib oleaut32.lib uuid.lib odbc32.lib odbccp32.lib /MANIFEST /ManifestFile:"Debug\RoundRobin.exe.intermediate.manifest" /MANIFESTUAC:"level='asInvoker' uiAccess='false'" /DEBUG /PDB:"C:\Users\mehmet\Documents\Visual Studio 2010\Projects\OperatingSystems\RoundRobin\Debug\RoundRobin.pdb" /SUBSYSTEM:CONSOLE /TLBID:1 /DYNAMICBASE /NXCOMPAT /IMPLIB:"C:\Users\mehmet\Documents\Visual Studio 2010\Projects\OperatingSystems\RoundRobin\Debug\RoundRobin.lib" /MACHINE:X86 Debug\RoundRobin.exe.embed.manifest.res
         Debug\RR.obj
         RoundRobin.vcxproj -> C:\Users\mehmet\Documents\Visual Studio 2010\Projects\OperatingSystems\RoundRobin\Debug\RoundRobin.exe
       FinalizeBuildStatus:
         Deleting file "Debug\RoundRobin.unsuccessfulbuild".
         Touching "Debug\RoundRobin.lastbuildstate".
     1>Done Building Project "C:\Users\mehmet\Documents\Visual Studio 2010\Projects\OperatingSystems\RoundRobin\RoundRobin\RoundRobin.vcxproj" (build target(s)).

Build succeeded.

Time Elapsed 00:00:01.60
